  stdafx.cpp
  ChildFrm.cpp
  ClassView.cpp
  EntornVGI.cpp
  EntornVGIDoc.cpp
  EntornVGIView.cpp
  escena.cpp
  fg_font.cpp
  FileView.cpp
  glut_geometry.cpp
  Load3DS.cpp
  MainFrm.cpp
  material.cpp
  Obj3DS.cpp
  objLoader.cpp
  OutputWnd.cpp
  PropertiesWnd.cpp
  ViewTree.cpp
  visualitzacio.cpp
     Creating library C:\Users\jhoan\Documents\UNI\VGI\PRÁCTICAS_VGI\Debug\EntornVGI.lib and object C:\Users\jhoan\Documents\UNI\VGI\PRÁCTICAS_VGI\Debug\EntornVGI.exp
  EntornVGI.vcxproj -> C:\Users\jhoan\Documents\UNI\VGI\PRÁCTICAS_VGI\Debug\EntornVGI.exe
