b:\vgi\entorn vgi-mfc-vs2019 - gl3.x\entornvgi\debug\entornvgi.pch
b:\vgi\entorn vgi-mfc-vs2019 - gl3.x\entornvgi\debug\vc142.pdb
b:\vgi\entorn vgi-mfc-vs2019 - gl3.x\entornvgi\debug\stdafx.obj
b:\vgi\entorn vgi-mfc-vs2019 - gl3.x\entornvgi\debug\escena.obj
b:\vgi\entorn vgi-mfc-vs2019 - gl3.x\entornvgi\debug\visualitzacio.obj
b:\vgi\entorn vgi-mfc-vs2019 - gl3.x\entornvgi\debug\childfrm.obj
b:\vgi\entorn vgi-mfc-vs2019 - gl3.x\entornvgi\debug\glut_geometry.obj
b:\vgi\entorn vgi-mfc-vs2019 - gl3.x\entornvgi\debug\propertieswnd.obj
b:\vgi\entorn vgi-mfc-vs2019 - gl3.x\entornvgi\debug\entornvgi.obj
b:\vgi\entorn vgi-mfc-vs2019 - gl3.x\entornvgi\debug\fileview.obj
b:\vgi\entorn vgi-mfc-vs2019 - gl3.x\entornvgi\debug\mainfrm.obj
b:\vgi\entorn vgi-mfc-vs2019 - gl3.x\entornvgi\debug\obj3ds.obj
b:\vgi\entorn vgi-mfc-vs2019 - gl3.x\entornvgi\debug\fg_font.obj
b:\vgi\entorn vgi-mfc-vs2019 - gl3.x\entornvgi\debug\outputwnd.obj
b:\vgi\entorn vgi-mfc-vs2019 - gl3.x\entornvgi\debug\classview.obj
b:\vgi\entorn vgi-mfc-vs2019 - gl3.x\entornvgi\debug\material.obj
b:\vgi\entorn vgi-mfc-vs2019 - gl3.x\entornvgi\debug\objloader.obj
b:\vgi\entorn vgi-mfc-vs2019 - gl3.x\entornvgi\debug\viewtree.obj
b:\vgi\entorn vgi-mfc-vs2019 - gl3.x\entornvgi\debug\entornvgiview.obj
b:\vgi\entorn vgi-mfc-vs2019 - gl3.x\entornvgi\debug\entornvgidoc.obj
b:\vgi\entorn vgi-mfc-vs2019 - gl3.x\entornvgi\debug\load3ds.obj
b:\vgi\entorn vgi-mfc-vs2019 - gl3.x\debug\entornvgi.lib
b:\vgi\entorn vgi-mfc-vs2019 - gl3.x\debug\entornvgi.exp
b:\vgi\entorn vgi-mfc-vs2019 - gl3.x\debug\entornvgi.exe
b:\vgi\entorn vgi-mfc-vs2019 - gl3.x\debug\entornvgi.ilk
b:\vgi\entorn vgi-mfc-vs2019 - gl3.x\debug\entornvgi.pdb
b:\vgi\entorn vgi-mfc-vs2019 - gl3.x\entornvgi\debug\entornvgi.res
b:\vgi\entorn vgi-mfc-vs2019 - gl3.x\entornvgi\debug\entornvgi.tlog\cl.command.1.tlog
b:\vgi\entorn vgi-mfc-vs2019 - gl3.x\entornvgi\debug\entornvgi.tlog\cl.read.1.tlog
b:\vgi\entorn vgi-mfc-vs2019 - gl3.x\entornvgi\debug\entornvgi.tlog\cl.write.1.tlog
b:\vgi\entorn vgi-mfc-vs2019 - gl3.x\entornvgi\debug\entornvgi.tlog\entornvgi.write.1u.tlog
b:\vgi\entorn vgi-mfc-vs2019 - gl3.x\entornvgi\debug\entornvgi.tlog\link.command.1.tlog
b:\vgi\entorn vgi-mfc-vs2019 - gl3.x\entornvgi\debug\entornvgi.tlog\link.read.1.tlog
b:\vgi\entorn vgi-mfc-vs2019 - gl3.x\entornvgi\debug\entornvgi.tlog\link.write.1.tlog
b:\vgi\entorn vgi-mfc-vs2019 - gl3.x\entornvgi\debug\entornvgi.tlog\rc.command.1.tlog
b:\vgi\entorn vgi-mfc-vs2019 - gl3.x\entornvgi\debug\entornvgi.tlog\rc.read.1.tlog
b:\vgi\entorn vgi-mfc-vs2019 - gl3.x\entornvgi\debug\entornvgi.tlog\rc.write.1.tlog
